<?xml version="1.0" encoding="UTF-8"?>
<testsuite name="com.qa.trello.BoardCreationTests" tests="1" skipped="0" failures="0" errors="0" timestamp="2020-04-29T08:11:03" hostname="MacBook-Pro-Irina.local" time="13.235">
  <properties/>
  <testcase name="testBoardCreation" classname="com.qa.trello.BoardCreationTests" time="13.235"/>
  <system-out><![CDATA[]]></system-out>
  <system-err><![CDATA[Starting ChromeDriver 80.0.3987.106 (f68069574609230cf9b635cd784cfb1bf81bb53a-refs/branch-heads/3987@{#882}) on port 46873
Only local connections are allowed.
Please protect ports used by ChromeDriver and related test frameworks to prevent access by malicious code.
[1588147852.727][WARNING]: This version of ChromeDriver has not been tested with Chrome version 81.
апр 29, 2020 11:10:52 AM org.openqa.selenium.remote.ProtocolHandshake createSession
INFO: Detected dialect: W3C
[1588147853.780][SEVERE]: Timed out receiving message from renderer: 0.100
[1588147853.883][SEVERE]: Timed out receiving message from renderer: 0.100
[1588147853.985][SEVERE]: Timed out receiving message from renderer: 0.100
[1588147854.087][SEVERE]: Timed out receiving message from renderer: 0.100
[1588147854.189][SEVERE]: Timed out receiving message from renderer: 0.100
[1588147854.679][SEVERE]: Timed out receiving message from renderer: 0.100
[1588147855.069][SEVERE]: Timed out receiving message from renderer: 0.100
[1588147855.375][SEVERE]: Timed out receiving message from renderer: 0.100
[1588147855.476][SEVERE]: Timed out receiving message from renderer: 0.100
[1588147855.577][SEVERE]: Timed out receiving message from renderer: 0.100
[1588147855.678][SEVERE]: Timed out receiving message from renderer: 0.100
[1588147855.921][SEVERE]: Timed out receiving message from renderer: 0.100
[1588147856.022][SEVERE]: Timed out receiving message from renderer: 0.100
[1588147856.124][SEVERE]: Timed out receiving message from renderer: 0.100
[1588147856.225][SEVERE]: Timed out receiving message from renderer: 0.100
]]></system-err>
</testsuite>
